[2026-03-05T16:14:34.799Z] 🚀 Starting Autonomous Growth Cycle...
[2026-03-05T16:14:34.843Z] 📡 Step 1/3: Triggering Shadow Pinger...
[2026-03-05T16:14:36.665Z] 🎨 Step 2/3: Generating Fresh Growth Assets (Reddit/Pinterest)...
[2026-03-05T16:14:36.867Z] 🤖 Step 3/3: Shadow Social Pre-processing...
[2026-03-05T16:14:37.075Z] ✅ Cycle completed successfully. All growth engines are operational.
[2026-03-07T07:13:10.281Z] 🚀 Starting Autonomous Growth Cycle...
[2026-03-07T07:13:10.315Z] 📡 Step 1/3: Triggering Shadow Pinger...
[2026-03-07T07:13:11.854Z] 🎨 Step 2/3: Generating Fresh Growth Assets (Reddit/Pinterest)...
[2026-03-07T07:13:12.048Z] 🤖 Step 3/3: Shadow Social Pre-processing...
[2026-03-07T07:13:12.253Z] ✅ Cycle completed successfully. All growth engines are operational.
[2026-03-07T07:46:20.088Z] 🚀 Starting Autonomous Growth Cycle...
[2026-03-07T07:46:20.112Z] 📡 Step 1/4: Triggering Shadow Pinger...
[2026-03-07T07:46:20.869Z] 🚀 Step 2/4: Fast Indexing via Google API...
[2026-03-07T07:46:27.903Z] 🎨 Step 3/4: Generating Fresh Growth Assets (Reddit/Pinterest)...
[2026-03-07T07:46:28.128Z] 🤖 Step 4/4: Shadow Social Pre-processing...
[2026-03-07T07:46:28.293Z] ✅ Cycle completed successfully. Site is now forced into Google Index.
[2026-03-07T07:47:55.425Z] 🚀 Starting Autonomous Growth Cycle...
[2026-03-07T07:47:55.459Z] 📡 Step 1/4: Triggering Shadow Pinger...
[2026-03-07T07:47:56.154Z] 🚀 Step 2/4: Fast Indexing via Google API...
[2026-03-07T07:48:03.379Z] 🎨 Step 3/4: Generating Fresh Growth Assets (Reddit/Pinterest)...
[2026-03-07T07:48:03.600Z] 🤖 Step 4/4: Shadow Social Pre-processing...
[2026-03-07T07:48:03.769Z] ✅ Cycle completed successfully. Site is now forced into Google Index.
[2026-03-07T07:48:50.200Z] 🚀 Starting Autonomous Growth Cycle...
[2026-03-07T07:48:50.209Z] 📡 Step 1/4: Triggering Shadow Pinger...
[2026-03-07T07:48:50.696Z] 🚀 Step 2/4: Fast Indexing via Google API...
[2026-03-07T07:48:57.468Z] 🎨 Step 3/4: Generating Fresh Growth Assets (Reddit/Pinterest)...
[2026-03-07T07:48:57.664Z] 🤖 Step 4/4: Shadow Social Pre-processing...
[2026-03-07T07:48:57.817Z] ✅ Cycle completed successfully. Site is now forced into Google Index.
[2026-03-07T07:50:15.922Z] 🚀 Starting Autonomous Growth Cycle...
[2026-03-07T07:50:15.957Z] 📡 Step 1/4: Triggering Shadow Pinger...
[2026-03-07T07:50:16.764Z] 🚀 Step 2/4: Fast Indexing via Google API...
[2026-03-07T07:50:23.437Z] 🎨 Step 3/4: Generating Fresh Growth Assets (Reddit/Pinterest)...
[2026-03-07T07:50:23.606Z] 🤖 Step 4/4: Shadow Social Pre-processing...
[2026-03-07T07:50:23.809Z] ✅ Cycle completed successfully. Site is now forced into Google Index.
[2026-03-07T07:50:44.709Z] 🚀 Starting Autonomous Growth Cycle...
[2026-03-07T07:50:44.714Z] 📡 Step 1/4: Triggering Shadow Pinger...
[2026-03-07T07:50:45.210Z] 🚀 Step 2/4: Fast Indexing via Google API...
[2026-03-07T07:50:50.957Z] 🎨 Step 3/4: Generating Fresh Growth Assets (Reddit/Pinterest)...
[2026-03-07T07:50:51.129Z] 🤖 Step 4/4: Shadow Social Pre-processing...
[2026-03-07T07:50:51.289Z] ✅ Cycle completed successfully. Site is now forced into Google Index.
[2026-03-07T07:58:25.223Z] 🚀 Starting Autonomous Growth Cycle...
[2026-03-07T07:58:25.260Z] 📡 Step 1/4: Triggering Shadow Pinger...
[2026-03-07T07:58:26.000Z] 🚀 Step 2/4: Fast Indexing via Google API...
[2026-03-07T07:58:33.463Z] 🎨 Step 3/4: Generating Fresh Growth Assets (Reddit/Pinterest)...
[2026-03-07T07:58:33.648Z] 🤖 Step 4/4: Shadow Social Pre-processing...
[2026-03-07T07:58:33.794Z] ✅ Cycle completed successfully. Site is now forced into Google Index.
[2026-03-07T07:59:49.142Z] 🚀 Starting Autonomous Growth Cycle...
[2026-03-07T07:59:49.162Z] 📡 Step 1/4: Triggering Shadow Pinger...
[2026-03-07T07:59:49.765Z] 🚀 Step 2/4: Fast Indexing via Google API...
[2026-03-07T07:59:55.034Z] 🎨 Step 3/4: Generating Fresh Growth Assets (Reddit/Pinterest)...
[2026-03-07T07:59:55.345Z] 🤖 Step 4/4: Shadow Social Pre-processing...
[2026-03-07T07:59:55.499Z] ✅ Cycle completed successfully. Site is now forced into Google Index.
[2026-03-07T08:07:12.391Z] 🚀 Starting Autonomous Growth Cycle...
[2026-03-07T08:07:12.435Z] 📡 Step 1/4: Triggering Shadow Pinger...
[2026-03-07T08:07:13.568Z] 🚀 Step 2/4: Fast Indexing via Google API...
[2026-03-07T08:07:21.508Z] 🎨 Step 3/4: Generating Fresh Growth Assets (Reddit/Pinterest)...
[2026-03-07T08:07:21.718Z] 🤖 Step 4/4: Shadow Social Pre-processing...
[2026-03-07T08:07:21.889Z] ✅ Cycle completed successfully. Site is now forced into Google Index.
[2026-03-07T08:10:07.381Z] 🚀 Starting Autonomous Growth Cycle...
[2026-03-07T08:10:07.389Z] 📡 Step 1/4: Triggering Shadow Pinger...
[2026-03-07T08:10:08.213Z] 🚀 Step 2/4: Fast Indexing via Google API...
[2026-03-07T08:10:57.418Z] 🎨 Step 3/4: Generating Fresh Growth Assets (Reddit/Pinterest)...
[2026-03-07T08:10:57.844Z] 🤖 Step 4/4: Shadow Social Pre-processing...
[2026-03-07T08:10:58.401Z] ✅ Cycle completed successfully. Site is now forced into Google Index.
[2026-03-07T08:35:55.717Z] 🚀 Starting Autonomous Growth Cycle...
[2026-03-07T08:35:55.752Z] 📡 Step 1/4: Triggering Shadow Pinger...
[2026-03-07T08:35:57.234Z] 🚀 Step 2/4: Fast Indexing via Google API...
[2026-03-07T08:36:48.254Z] 🎨 Step 3/5: Generating Fresh Growth Assets (Reddit/Pinterest)...
[2026-03-07T08:36:48.630Z] 📌 Step 4/5: Autonomous Pinterest Pinner...
[2026-03-07T08:39:44.885Z] 🚀 Starting Autonomous Growth Cycle...
[2026-03-07T08:39:44.911Z] 📡 Step 1/4: Triggering Shadow Pinger...
[2026-03-07T08:41:02.441Z] 🚀 Starting Autonomous Growth Cycle...
[2026-03-07T08:41:02.463Z] 📡 Step 1/5: Triggering Shadow Pinger...
[2026-03-07T08:41:03.449Z] 🚀 Step 2/5: Fast Indexing via Google API...
[2026-03-07T08:41:50.314Z] 🎨 Step 3/5: Generating Fresh Growth Assets (Reddit/Pinterest)...
[2026-03-07T08:41:50.476Z] 📌 Step 4/5: Autonomous Pinterest Pinner...
[2026-03-07T08:41:51.704Z] 🤖 Step 5/5: Shadow Social Pre-processing...
[2026-03-07T08:41:52.157Z] ✅ Cycle completed successfully. Site is indexing and social traffic is flowing.
[2026-03-07T08:45:50.982Z] 🚀 Starting Autonomous Growth Cycle...
[2026-03-07T08:45:51.003Z] 📡 Step 1/5: Triggering Shadow Pinger...
[2026-03-07T08:45:52.314Z] 🚀 Step 2/5: Fast Indexing via Google API...
[2026-03-07T08:46:33.103Z] 🎨 Step 3/5: Generating Fresh Growth Assets (Reddit/Pinterest)...
[2026-03-07T08:46:33.292Z] 📌 Step 4/5: Autonomous Pinterest Pinner...
[2026-03-07T08:46:34.560Z] 🤖 Step 5/5: Shadow Social Pre-processing...
[2026-03-07T08:46:34.949Z] ✅ Cycle completed successfully. Site is indexing and social traffic is flowing.
[2026-03-07T08:50:33.091Z] 🚀 Starting Autonomous Growth Cycle...
[2026-03-07T08:50:33.117Z] 📡 Step 1/5: Triggering Shadow Pinger...
[2026-03-07T08:50:34.296Z] 🚀 Step 2/5: Fast Indexing via Google API...
[2026-03-07T08:52:44.322Z] 🚀 Starting Autonomous Growth Cycle...
[2026-03-07T08:52:44.348Z] 📡 Step 1/5: Triggering Shadow Pinger...
[2026-03-07T08:52:46.240Z] 🚀 Step 2/5: Fast Indexing via Google API...
[2026-03-07T08:53:32.074Z] 🎨 Step 3/5: Generating Fresh Growth Assets (Reddit/Pinterest)...
[2026-03-07T08:53:33.800Z] 📌 Step 4/5: Autonomous Pinterest Pinner...
[2026-03-07T08:53:36.166Z] 🤖 Step 5/5: Shadow Social Pre-processing...
[2026-03-07T08:53:36.459Z] ✅ Cycle completed successfully. Site is indexing and social traffic is flowing.
[2026-03-07T08:54:37.537Z] 🚀 Starting Autonomous Growth Cycle...
[2026-03-07T08:54:37.545Z] 📡 Step 1/5: Triggering Shadow Pinger...
[2026-03-07T08:54:38.723Z] 🚀 Step 2/5: Fast Indexing via Google API...
[2026-03-07T08:54:58.203Z] 🚀 Starting Autonomous Growth Cycle...
[2026-03-07T08:54:58.210Z] 📡 Step 1/5: Triggering Shadow Pinger...
[2026-03-07T08:55:38.178Z] 🎨 Step 3/5: Generating Fresh Growth Assets (Reddit/Pinterest)...
[2026-03-07T08:55:38.461Z] 📌 Step 4/5: Autonomous Pinterest Pinner...
[2026-03-07T08:55:39.634Z] 🤖 Step 5/5: Shadow Social Pre-processing...
[2026-03-07T08:55:39.968Z] ✅ Cycle completed successfully. Site is indexing and social traffic is flowing.
[2026-03-07T08:55:49.485Z] 🚀 Starting Autonomous Growth Cycle...
[2026-03-07T08:55:49.494Z] 📡 Step 1/5: Triggering Shadow Pinger...
[2026-03-07T08:55:51.294Z] 🚀 Step 2/5: Fast Indexing via Google API...
[2026-03-07T08:56:43.928Z] 🎨 Step 3/5: Generating Fresh Growth Assets (Reddit/Pinterest)...
[2026-03-07T08:56:44.090Z] 📌 Step 4/5: Autonomous Pinterest Pinner...
[2026-03-07T08:56:46.250Z] 🤖 Step 5/5: Shadow Social Pre-processing...
[2026-03-07T08:56:46.473Z] ✅ Cycle completed successfully. Site is indexing and social traffic is flowing.
[2026-03-07T09:00:22.093Z] 🚀 Starting Autonomous Growth Cycle...
[2026-03-07T09:00:22.106Z] 📡 Step 1/5: Triggering Shadow Pinger...
[2026-03-07T09:00:23.245Z] 🚀 Step 2/5: Fast Indexing via Google API...
[2026-03-07T09:01:13.216Z] 🎨 Step 3/5: Generating Fresh Growth Assets (Reddit/Pinterest)...
[2026-03-07T09:01:13.378Z] 📌 Step 4/5: Autonomous Pinterest Pinner...
[2026-03-07T09:01:14.645Z] 🤖 Step 5/5: Shadow Social Pre-processing...
[2026-03-07T09:01:15.101Z] ✅ Cycle completed successfully. Site is indexing and social traffic is flowing.
[2026-03-07T09:08:46.527Z] 🚀 Starting Autonomous Growth Cycle...
[2026-03-07T09:08:46.534Z] 📡 Step 1/5: Triggering Shadow Pinger...
[2026-03-07T09:08:47.239Z] 🚀 Step 2/5: Fast Indexing via Google API...
[2026-03-07T09:09:11.934Z] 🤖 Step 5/5: Shadow Social Pre-processing...
[2026-03-07T09:09:12.580Z] ✅ Cycle completed successfully. Site is indexing and social traffic is flowing.
[2026-03-07T09:09:46.867Z] 🎨 Step 3/5: Generating Fresh Growth Assets (Reddit/Pinterest)...
[2026-03-07T09:09:47.268Z] 📌 Step 4/5: Autonomous Pinterest Pinner...
[2026-03-07T09:09:48.918Z] 🤖 Step 5/5: Shadow Social Pre-processing...
[2026-03-07T09:09:49.245Z] ✅ Cycle completed successfully. Site is indexing and social traffic is flowing.
[2026-03-07T15:42:50.592Z] 🚀 Starting Autonomous Growth Cycle...
[2026-03-07T15:42:50.601Z] 📡 Step 1/6: Triggering Shadow Pinger...
[2026-03-07T15:42:51.190Z] 🚀 Step 2/6: Fast Indexing via Google API...
[2026-03-07T15:43:38.276Z] 🎨 Step 3/6: Generating Fresh Growth Assets (Reddit/Pinterest)...
[2026-03-07T15:43:38.468Z] 📌 Step 4/6: Autonomous Pinterest Pinner...
[2026-03-07T15:48:38.677Z] 🚀 Step 5/6: Autonomous Reddit Community Bot...
[2026-03-07T15:50:27.566Z] 🌍 Step 6/7: Shadow Social Pre-processing...
[2026-03-07T15:50:28.155Z] 🔎 Step 7/7: Bing & IndexNow Submission...
[2026-03-07T15:50:28.596Z] ⚠️ Bing Indexer failed, continuing...
[2026-03-07T15:50:28.599Z] ✅ Cycle completed successfully. Site is indexing and social traffic is flowing.
